Build started 2015/6/26 21:27:07.
     1>Project "E:\opensmile-2.0-rc1\opensmile\ide\G2\G2.vcxproj" on node 3 (build target(s)).
     1>InitializeBuildStatus:
         Creating "Debug\G2.unsuccessfulbuild" because "AlwaysCreate" was specified.
       CustomBuild:
         All outputs are up-to-date.
       ClCompile:
         C:\Program Files (x86)\Microsoft Visual Studio 10.0\VC\bin\CL.exe /c /I"E:\opensmile-2.0-rc1\opensmile\src\include" /I"E:\opensmile-2.0-rc1\opensmile\progsrc\include" /I.\GeneratedFiles /I. /Id:\Qt\4.7.3\include /I.\GeneratedFiles\Debug /Id:\Qt\4.7.3\include\QtCore /Id:\Qt\4.7.3\include\QtGui /Zi /nologo /W1 /WX- /Od /Oy- /D UNICODE /D WIN32 /D QT_LARGEFILE_SUPPORT /D QT_DLL /D QT_CORE_LIB /D QT_GUI_LIB /Gm- /EHsc /MDd /GS /fp:precise /Zc:wchar_t- /Zc:forScope /Fo"Debug\\" /Fd"Debug\vc100.pdb" /Gd /TP /analyze- /errorReport:prompt g2.cpp
         g2.cpp
         All outputs are up-to-date.
       Link:
         C:\Program Files (x86)\Microsoft Visual Studio 10.0\VC\bin\link.exe /ERRORREPORT:PROMPT /OUT:"E:\opensmile-2.0-rc1\opensmile\ide\vs10\Win32\Debug\\G2.exe" /INCREMENTAL:NO /NOLOGO /LIBPATH:d:\Qt\4.7.3\lib qtmaind.lib QtCored4.lib QtGuid4.lib openSmileLib_Debug.lib kernel32.lib user32.lib gdi32.lib winspool.lib comdlg32.lib advapi32.lib shell32.lib ole32.lib oleaut32.lib uuid.lib odbc32.lib odbccp32.lib /MANIFEST /ManifestFile:"Debug\G2.exe.intermediate.manifest" /MANIFESTUAC:"level='asInvoker' uiAccess='false'" /DEBUG /PDB:"E:\opensmile-2.0-rc1\opensmile\ide\vs10\Win32\Debug\G2.pdb" /SUBSYSTEM:WINDOWS /TLBID:1 /DYNAMICBASE /NXCOMPAT /IMPLIB:"E:\opensmile-2.0-rc1\opensmile\ide\vs10\Win32\Debug\G2.lib" /MACHINE:X86 Debug\g2.obj
         Debug\moc_g2.obj
         Debug\qrc_g2.obj
         Debug\main.obj
         G2.vcxproj -> E:\opensmile-2.0-rc1\opensmile\ide\vs10\Win32\Debug\G2.exe
       Manifest:
         C:\Program Files (x86)\Microsoft SDKs\Windows\v7.0A\bin\mt.exe /nologo /verbose /outputresource:"E:\opensmile-2.0-rc1\opensmile\ide\vs10\Win32\Debug\\G2.exe;#1" /manifest Debug\G2.exe.intermediate.manifest
       FinalizeBuildStatus:
         Deleting file "Debug\G2.unsuccessfulbuild".
         Touching "Debug\G2.lastbuildstate".
     1>Done Building Project "E:\opensmile-2.0-rc1\opensmile\ide\G2\G2.vcxproj" (build target(s)).

Build succeeded.

Time Elapsed 00:00:02.73
