E:\OPENSMILE-2.0-RC1\OPENSMILE\IDE\VS10\DEBUG\ACF.OBJ
E:\OPENSMILE-2.0-RC1\OPENSMILE\IDE\VS10\DEBUG\AMDF.OBJ
E:\OPENSMILE-2.0-RC1\OPENSMILE\IDE\VS10\DEBUG\ARFFSINK.OBJ
E:\OPENSMILE-2.0-RC1\OPENSMILE\IDE\VS10\DEBUG\ARFFSOURCE.OBJ
E:\OPENSMILE-2.0-RC1\OPENSMILE\IDE\VS10\DEBUG\BOWPRODUCER.OBJ
E:\OPENSMILE-2.0-RC1\OPENSMILE\IDE\VS10\DEBUG\CENS.OBJ
E:\OPENSMILE-2.0-RC1\OPENSMILE\IDE\VS10\DEBUG\CHROMA.OBJ
E:\opensmile-2.0-rc1\opensmile\ide\vs10\Debug\cl.command.1.tlog
E:\opensmile-2.0-rc1\opensmile\ide\vs10\Debug\CL.read.1.tlog
E:\opensmile-2.0-rc1\opensmile\ide\vs10\Debug\CL.write.1.tlog
E:\OPENSMILE-2.0-RC1\OPENSMILE\IDE\VS10\DEBUG\COMMANDLINEPARSER.OBJ
E:\OPENSMILE-2.0-RC1\OPENSMILE\IDE\VS10\DEBUG\COMPONENTMANAGER.OBJ
E:\OPENSMILE-2.0-RC1\OPENSMILE\IDE\VS10\DEBUG\CONFIGMANAGER.OBJ
E:\OPENSMILE-2.0-RC1\OPENSMILE\IDE\VS10\DEBUG\CONTOURSMOOTHER.OBJ
E:\OPENSMILE-2.0-RC1\OPENSMILE\IDE\VS10\DEBUG\CSVSINK.OBJ
E:\OPENSMILE-2.0-RC1\OPENSMILE\IDE\VS10\DEBUG\CSVSOURCE.OBJ
E:\OPENSMILE-2.0-RC1\OPENSMILE\IDE\VS10\DEBUG\DATADUMPSINK.OBJ
E:\OPENSMILE-2.0-RC1\OPENSMILE\IDE\VS10\DEBUG\DATAMEMORY.OBJ
E:\OPENSMILE-2.0-RC1\OPENSMILE\IDE\VS10\DEBUG\DATAPROCESSOR.OBJ
E:\OPENSMILE-2.0-RC1\OPENSMILE\IDE\VS10\DEBUG\DATAREADER.OBJ
E:\OPENSMILE-2.0-RC1\OPENSMILE\IDE\VS10\DEBUG\DATASELECTOR.OBJ
E:\OPENSMILE-2.0-RC1\OPENSMILE\IDE\VS10\DEBUG\DATASINK.OBJ
E:\OPENSMILE-2.0-RC1\OPENSMILE\IDE\VS10\DEBUG\DATASOURCE.OBJ
E:\OPENSMILE-2.0-RC1\OPENSMILE\IDE\VS10\DEBUG\DATAWRITER.OBJ
E:\OPENSMILE-2.0-RC1\OPENSMILE\IDE\VS10\DEBUG\DBA.OBJ
E:\OPENSMILE-2.0-RC1\OPENSMILE\IDE\VS10\DEBUG\DELTAREGRESSION.OBJ
E:\OPENSMILE-2.0-RC1\OPENSMILE\IDE\VS10\DEBUG\ENERGY.OBJ
E:\OPENSMILE-2.0-RC1\OPENSMILE\IDE\VS10\DEBUG\EXAMPLESINK.OBJ
E:\OPENSMILE-2.0-RC1\OPENSMILE\IDE\VS10\DEBUG\EXAMPLESOURCE.OBJ
E:\OPENSMILE-2.0-RC1\OPENSMILE\IDE\VS10\DEBUG\EXCEPTIONS.OBJ
E:\OPENSMILE-2.0-RC1\OPENSMILE\IDE\VS10\DEBUG\FFTMAGPHASE.OBJ
E:\OPENSMILE-2.0-RC1\OPENSMILE\IDE\VS10\DEBUG\FFTSG.OBJ
E:\OPENSMILE-2.0-RC1\OPENSMILE\IDE\VS10\DEBUG\FORMANTLPC.OBJ
E:\OPENSMILE-2.0-RC1\OPENSMILE\IDE\VS10\DEBUG\FORMANTSMOOTHER.OBJ
E:\OPENSMILE-2.0-RC1\OPENSMILE\IDE\VS10\DEBUG\FRAMER.OBJ
E:\OPENSMILE-2.0-RC1\OPENSMILE\IDE\VS10\DEBUG\FULLINPUTMEAN.OBJ
E:\OPENSMILE-2.0-RC1\OPENSMILE\IDE\VS10\DEBUG\FULLTURNMEAN.OBJ
E:\OPENSMILE-2.0-RC1\OPENSMILE\IDE\VS10\DEBUG\FUNCTIONALCOMPONENT.OBJ
E:\OPENSMILE-2.0-RC1\OPENSMILE\IDE\VS10\DEBUG\FUNCTIONALCROSSINGS.OBJ
E:\OPENSMILE-2.0-RC1\OPENSMILE\IDE\VS10\DEBUG\FUNCTIONALDCT.OBJ
E:\OPENSMILE-2.0-RC1\OPENSMILE\IDE\VS10\DEBUG\FUNCTIONALEXTREMES.OBJ
E:\OPENSMILE-2.0-RC1\OPENSMILE\IDE\VS10\DEBUG\FUNCTIONALLPC.OBJ
E:\OPENSMILE-2.0-RC1\OPENSMILE\IDE\VS10\DEBUG\FUNCTIONALMEANS.OBJ
E:\OPENSMILE-2.0-RC1\OPENSMILE\IDE\VS10\DEBUG\FUNCTIONALMOMENTS.OBJ
E:\OPENSMILE-2.0-RC1\OPENSMILE\IDE\VS10\DEBUG\FUNCTIONALONSET.OBJ
E:\OPENSMILE-2.0-RC1\OPENSMILE\IDE\VS10\DEBUG\FUNCTIONALPEAKS.OBJ
E:\OPENSMILE-2.0-RC1\OPENSMILE\IDE\VS10\DEBUG\FUNCTIONALPEAKS2.OBJ
E:\OPENSMILE-2.0-RC1\OPENSMILE\IDE\VS10\DEBUG\FUNCTIONALPERCENTILES.OBJ
E:\OPENSMILE-2.0-RC1\OPENSMILE\IDE\VS10\DEBUG\FUNCTIONALREGRESSION.OBJ
E:\OPENSMILE-2.0-RC1\OPENSMILE\IDE\VS10\DEBUG\FUNCTIONALS.OBJ
E:\OPENSMILE-2.0-RC1\OPENSMILE\IDE\VS10\DEBUG\FUNCTIONALSAMPLES.OBJ
E:\OPENSMILE-2.0-RC1\OPENSMILE\IDE\VS10\DEBUG\FUNCTIONALSEGMENTS.OBJ
E:\OPENSMILE-2.0-RC1\OPENSMILE\IDE\VS10\DEBUG\FUNCTIONALTIMES.OBJ
E:\OPENSMILE-2.0-RC1\OPENSMILE\IDE\VS10\DEBUG\HTKSINK.OBJ
E:\OPENSMILE-2.0-RC1\OPENSMILE\IDE\VS10\DEBUG\HTKSOURCE.OBJ
E:\OPENSMILE-2.0-RC1\OPENSMILE\IDE\VS10\DEBUG\INTENSITY.OBJ
E:\OPENSMILE-2.0-RC1\OPENSMILE\IDE\VS10\DEBUG\JULIUSSINK.OBJ
E:\OPENSMILE-2.0-RC1\OPENSMILE\IDE\VS10\DEBUG\LIBSVMSINK.OBJ
E:\opensmile-2.0-rc1\opensmile\ide\vs10\Debug\link.command.1.tlog
E:\opensmile-2.0-rc1\opensmile\ide\vs10\Debug\link.read.1.tlog
E:\opensmile-2.0-rc1\opensmile\ide\vs10\Debug\link.write.1.tlog
E:\OPENSMILE-2.0-RC1\OPENSMILE\IDE\VS10\DEBUG\LPC.OBJ
E:\OPENSMILE-2.0-RC1\OPENSMILE\IDE\VS10\DEBUG\LSP.OBJ
E:\OPENSMILE-2.0-RC1\OPENSMILE\IDE\VS10\DEBUG\MAXINDEX.OBJ
E:\OPENSMILE-2.0-RC1\OPENSMILE\IDE\VS10\DEBUG\MELSPEC.OBJ
E:\OPENSMILE-2.0-RC1\OPENSMILE\IDE\VS10\DEBUG\MFCC.OBJ
E:\OPENSMILE-2.0-RC1\OPENSMILE\IDE\VS10\DEBUG\MONOMIXDOWN.OBJ
E:\OPENSMILE-2.0-RC1\OPENSMILE\IDE\VS10\DEBUG\MZCR.OBJ
E:\OPENSMILE-2.0-RC1\OPENSMILE\IDE\VS10\DEBUG\NULLSINK.OBJ
E:\opensmile-2.0-rc1\opensmile\ide\vs10\Debug\openSmileLib.write.1.tlog
E:\OPENSMILE-2.0-RC1\OPENSMILE\IDE\VS10\DEBUG\PITCHACF.OBJ
E:\OPENSMILE-2.0-RC1\OPENSMILE\IDE\VS10\DEBUG\PITCHBASE.OBJ
E:\OPENSMILE-2.0-RC1\OPENSMILE\IDE\VS10\DEBUG\PITCHDIRECTION.OBJ
E:\OPENSMILE-2.0-RC1\OPENSMILE\IDE\VS10\DEBUG\PITCHJITTER.OBJ
E:\OPENSMILE-2.0-RC1\OPENSMILE\IDE\VS10\DEBUG\PITCHSHS.OBJ
E:\OPENSMILE-2.0-RC1\OPENSMILE\IDE\VS10\DEBUG\PITCHSMOOTHER.OBJ
E:\OPENSMILE-2.0-RC1\OPENSMILE\IDE\VS10\DEBUG\PITCHSMOOTHERVITERBI.OBJ
E:\OPENSMILE-2.0-RC1\OPENSMILE\IDE\VS10\DEBUG\PLP.OBJ
E:\OPENSMILE-2.0-RC1\OPENSMILE\IDE\VS10\DEBUG\PREEMPHASIS.OBJ
E:\OPENSMILE-2.0-RC1\OPENSMILE\IDE\VS10\DEBUG\SIGNALGENERATOR.OBJ
E:\OPENSMILE-2.0-RC1\OPENSMILE\IDE\VS10\DEBUG\SMILECOMMON.OBJ
E:\OPENSMILE-2.0-RC1\OPENSMILE\IDE\VS10\DEBUG\SMILECOMPONENT.OBJ
E:\OPENSMILE-2.0-RC1\OPENSMILE\IDE\VS10\DEBUG\SMILELOGGER.OBJ
E:\OPENSMILE-2.0-RC1\OPENSMILE\IDE\VS10\DEBUG\SMILERESAMPLE.OBJ
E:\OPENSMILE-2.0-RC1\OPENSMILE\IDE\VS10\DEBUG\SMILEUTIL.OBJ
E:\OPENSMILE-2.0-RC1\OPENSMILE\IDE\VS10\DEBUG\SMILEUTILSPLINE.OBJ
E:\OPENSMILE-2.0-RC1\OPENSMILE\IDE\VS10\DEBUG\SPECRESAMPLE.OBJ
E:\OPENSMILE-2.0-RC1\OPENSMILE\IDE\VS10\DEBUG\SPECSCALE.OBJ
E:\OPENSMILE-2.0-RC1\OPENSMILE\IDE\VS10\DEBUG\SPECTRAL.OBJ
E:\OPENSMILE-2.0-RC1\OPENSMILE\IDE\VS10\DEBUG\TONEFILT.OBJ
E:\OPENSMILE-2.0-RC1\OPENSMILE\IDE\VS10\DEBUG\TONESPEC.OBJ
E:\OPENSMILE-2.0-RC1\OPENSMILE\IDE\VS10\DEBUG\TRANSFORMFFT.OBJ
E:\OPENSMILE-2.0-RC1\OPENSMILE\IDE\VS10\DEBUG\TURNDETECTOR.OBJ
E:\OPENSMILE-2.0-RC1\OPENSMILE\IDE\VS10\DEBUG\VADV1.OBJ
E:\OPENSMILE-2.0-RC1\OPENSMILE\IDE\VS10\DEBUG\VALBASEDSELECTOR.OBJ
E:\opensmile-2.0-rc1\opensmile\ide\vs10\Debug\vc100.idb
E:\OPENSMILE-2.0-RC1\OPENSMILE\IDE\VS10\DEBUG\VC100.PDB
E:\OPENSMILE-2.0-RC1\OPENSMILE\IDE\VS10\DEBUG\VECTORCONCAT.OBJ
E:\OPENSMILE-2.0-RC1\OPENSMILE\IDE\VS10\DEBUG\VECTORMVN.OBJ
E:\OPENSMILE-2.0-RC1\OPENSMILE\IDE\VS10\DEBUG\VECTOROPERATION.OBJ
E:\OPENSMILE-2.0-RC1\OPENSMILE\IDE\VS10\DEBUG\VECTORPREEMPHASIS.OBJ
E:\OPENSMILE-2.0-RC1\OPENSMILE\IDE\VS10\DEBUG\VECTORPROCESSOR.OBJ
E:\OPENSMILE-2.0-RC1\OPENSMILE\IDE\VS10\DEBUG\VECTORTRANSFORM.OBJ
E:\OPENSMILE-2.0-RC1\OPENSMILE\IDE\VS10\DEBUG\VECTOWINPROCESSOR.OBJ
E:\OPENSMILE-2.0-RC1\OPENSMILE\IDE\VS10\DEBUG\WAVESINK.OBJ
E:\OPENSMILE-2.0-RC1\OPENSMILE\IDE\VS10\DEBUG\WAVESINKCUT.OBJ
E:\OPENSMILE-2.0-RC1\OPENSMILE\IDE\VS10\DEBUG\WAVESOURCE.OBJ
E:\OPENSMILE-2.0-RC1\OPENSMILE\IDE\VS10\DEBUG\WINDOWER.OBJ
E:\OPENSMILE-2.0-RC1\OPENSMILE\IDE\VS10\DEBUG\WINDOWPROCESSOR.OBJ
E:\OPENSMILE-2.0-RC1\OPENSMILE\IDE\VS10\DEBUG\WINTOVECPROCESSOR.OBJ
E:\OPENSMILE-2.0-RC1\OPENSMILE\IDE\VS10\DEBUG\ZEROSOLVE.OBJ
