Build started 2015/6/27 6:16:35.
     1>Project "C:\Users\CX\Desktop\mfcc\MFCC\MFCC\MFCC.vcxproj" on node 2 (build target(s)).
     1>InitializeBuildStatus:
         Creating "Debug\MFCC.unsuccessfulbuild" because "AlwaysCreate" was specified.
       CustomBuild:
         Moc'ing SettingDialog.h...
         Moc'ing mfcc.h...
         Uic'ing mfcc.ui...
         Rcc'ing mfcc.qrc...
     1>RCC : warning : No resources in 'C:\Users\CX\Desktop\mfcc\MFCC\MFCC\mfcc.qrc'.
         
         Uic'ing SettingDialog.ui...
       ClCompile:
         C:\Program Files (x86)\Microsoft Visual Studio 10.0\VC\bin\CL.exe /c /I.\GeneratedFiles /Id:\Qt\4.7.3\include /I.\GeneratedFiles\Debug /Id:\Qt\4.7.3\include\qtmain /Id:\Qt\4.7.3\include\QtCore /Id:\Qt\4.7.3\include\QtGui /I.\ /Zi /nologo /W1 /WX- /Od /Oy- /D UNICODE /D WIN32 /D QT_LARGEFILE_SUPPORT /D QT_CORE_LIB /D QT_GUI_LIB /Gm- /EHsc /MDd /GS /fp:precise /Zc:wchar_t- /Zc:forScope /Fo"Debug\\" /Fd"Debug\vc100.pdb" /Gd /TP /analyze- /errorReport:prompt componentType.cpp GeneratedFiles\Debug\moc_SettingDialog.cpp main.cpp mfcc.cpp GeneratedFiles\Debug\moc_mfcc.cpp SettingDialog.cpp
         componentType.cpp
         moc_SettingDialog.cpp
         main.cpp
         mfcc.cpp
         moc_mfcc.cpp
         SettingDialog.cpp
         Generating Code...
         C:\Program Files (x86)\Microsoft Visual Studio 10.0\VC\bin\CL.exe /c /I.\GeneratedFiles /Id:\Qt\4.7.3\include /I.\GeneratedFiles\Debug /Id:\Qt\4.7.3\include\qtmain /Id:\Qt\4.7.3\include\QtCore /Id:\Qt\4.7.3\include\QtGui /I.\ /Zi /nologo /W1 /WX- /Od /Oy- /D UNICODE /D WIN32 /D QT_LARGEFILE_SUPPORT /D QT_CORE_LIB /D QT_GUI_LIB /Gm- /EHsc /MDd /GS /fp:precise /Zc:wchar_t- /Zc:forScope /Fo"Debug\\" /Fd"Debug\vc100.pdb" /Gd /TP /analyze- /errorReport:prompt GeneratedFiles\qrc_mfcc.cpp
         qrc_mfcc.cpp
       Link:
         C:\Program Files (x86)\Microsoft Visual Studio 10.0\VC\bin\link.exe /ERRORREPORT:PROMPT /OUT:"C:\Users\CX\Desktop\mfcc\MFCC\Debug\MFCC.exe" /NOLOGO /LIBPATH:d:\Qt\4.7.3\lib qtmaind.lib QtCored4.lib QtGuid4.lib kernel32.lib user32.lib gdi32.lib winspool.lib comdlg32.lib advapi32.lib shell32.lib ole32.lib oleaut32.lib uuid.lib odbc32.lib odbccp32.lib /MANIFEST /ManifestFile:"Debug\MFCC.exe.intermediate.manifest" /MANIFESTUAC:"level='asInvoker' uiAccess='false'" /DEBUG /PDB:"C:\Users\CX\Desktop\mfcc\MFCC\Debug\MFCC.pdb" /SUBSYSTEM:WINDOWS /TLBID:1 /DYNAMICBASE /NXCOMPAT /IMPLIB:"C:\Users\CX\Desktop\mfcc\MFCC\Debug\MFCC.lib" /MACHINE:X86 Debug\componentType.obj
         Debug\moc_SettingDialog.obj
         Debug\main.obj
         Debug\mfcc.obj
         Debug\qrc_mfcc.obj
         Debug\moc_mfcc.obj
         Debug\SettingDialog.obj
         LINK : C:\Users\CX\Desktop\mfcc\MFCC\Debug\MFCC.exe not found or not built by the last incremental link; performing full link
         MFCC.vcxproj -> C:\Users\CX\Desktop\mfcc\MFCC\Debug\MFCC.exe
       Manifest:
         C:\Program Files (x86)\Microsoft SDKs\Windows\v7.0A\bin\mt.exe /nologo /verbose /outputresource:"C:\Users\CX\Desktop\mfcc\MFCC\Debug\MFCC.exe;#1" /manifest Debug\MFCC.exe.intermediate.manifest
       FinalizeBuildStatus:
         Deleting file "Debug\MFCC.unsuccessfulbuild".
         Touching "Debug\MFCC.lastbuildstate".
     1>Done Building Project "C:\Users\CX\Desktop\mfcc\MFCC\MFCC\MFCC.vcxproj" (build target(s)).

Build succeeded.

Time Elapsed 00:00:09.47
