C:\USERS\LHF\DESKTOP\MFCC\MFCC\DEBUG\MFCC.EXE
C:\USERS\LHF\DESKTOP\MFCC\MFCC\DEBUG\MFCC.ILK
C:\USERS\LHF\DESKTOP\MFCC\MFCC\DEBUG\MFCC.PDB
C:\Users\lhf\Desktop\mfcc\MFCC\MFCC\Debug\cl.command.1.tlog
C:\Users\lhf\Desktop\mfcc\MFCC\MFCC\Debug\CL.read.1.tlog
C:\Users\lhf\Desktop\mfcc\MFCC\MFCC\Debug\CL.write.1.tlog
C:\USERS\LHF\DESKTOP\MFCC\MFCC\MFCC\DEBUG\COMPONENTTYPE.OBJ
C:\Users\lhf\Desktop\mfcc\MFCC\MFCC\Debug\custombuild.command.1.tlog
C:\Users\lhf\Desktop\mfcc\MFCC\MFCC\Debug\custombuild.read.1.tlog
C:\Users\lhf\Desktop\mfcc\MFCC\MFCC\Debug\custombuild.write.1.tlog
C:\Users\lhf\Desktop\mfcc\MFCC\MFCC\Debug\link.command.1.tlog
C:\Users\lhf\Desktop\mfcc\MFCC\MFCC\Debug\link.read.1.tlog
C:\Users\lhf\Desktop\mfcc\MFCC\MFCC\Debug\link.write.1.tlog
C:\USERS\LHF\DESKTOP\MFCC\MFCC\MFCC\DEBUG\MAIN.OBJ
C:\USERS\LHF\DESKTOP\MFCC\MFCC\MFCC\DEBUG\MFCC.EXE.INTERMEDIATE.MANIFEST
C:\USERS\LHF\DESKTOP\MFCC\MFCC\MFCC\DEBUG\MFCC.OBJ
C:\USERS\LHF\DESKTOP\MFCC\MFCC\MFCC\DEBUG\MOC_MFCC.OBJ
C:\USERS\LHF\DESKTOP\MFCC\MFCC\MFCC\DEBUG\MOC_SETTINGDIALOG.OBJ
C:\Users\lhf\Desktop\mfcc\MFCC\MFCC\Debug\mt.command.1.tlog
C:\Users\lhf\Desktop\mfcc\MFCC\MFCC\Debug\mt.read.1.tlog
C:\Users\lhf\Desktop\mfcc\MFCC\MFCC\Debug\mt.write.1.tlog
C:\USERS\LHF\DESKTOP\MFCC\MFCC\MFCC\DEBUG\QRC_MFCC.OBJ
C:\USERS\LHF\DESKTOP\MFCC\MFCC\MFCC\DEBUG\SETTINGDIALOG.OBJ
C:\USERS\LHF\DESKTOP\MFCC\MFCC\MFCC\DEBUG\VC100.PDB
C:\USERS\LHF\DESKTOP\MFCC\MFCC\MFCC\GENERATEDFILES\DEBUG\MOC_MFCC.CPP
C:\USERS\LHF\DESKTOP\MFCC\MFCC\MFCC\GENERATEDFILES\DEBUG\MOC_SETTINGDIALOG.CPP
C:\USERS\LHF\DESKTOP\MFCC\MFCC\MFCC\GENERATEDFILES\QRC_MFCC.CPP
C:\USERS\LHF\DESKTOP\MFCC\MFCC\MFCC\GENERATEDFILES\UI_MFCC.H
C:\USERS\LHF\DESKTOP\MFCC\MFCC\MFCC\GENERATEDFILES\UI_SETTINGDIALOG.H
