Build started 2015/6/23 13:51:36.
     1>Project "E:\opensmile-2.0-rc1\opensmile\ide\vs10\openSmileLib.vcxproj" on node 4 (build target(s)).
     1>InitializeBuildStatus:
         Creating "Release\openSmileLib.unsuccessfulbuild" because "AlwaysCreate" was specified.
       ClCompile:
         All outputs are up-to-date.
         All outputs are up-to-date.
       ManifestResourceCompile:
         All outputs are up-to-date.
     1>C:\Program Files\MSBuild\Microsoft.Cpp\v4.0\Microsoft.CppBuild.targets(990,5): warning MSB8012: TargetPath(E:\opensmile-2.0-rc1\opensmile\ide\vs10\Release\openSmileLib_Release.dll) does not match the Linker's OutputFile property value (E:\opensmile-2.0-rc1\msvcbuild\openSmileLib_Release.dll). This may cause your project to build incorrectly. To correct this, please make sure that $(OutDir), $(TargetName) and $(TargetExt) property values match the value specified in %(Link.OutputFile).
       Link:
         All outputs are up-to-date.
       Manifest:
         All outputs are up-to-date.
       FinalizeBuildStatus:
         Deleting file "Release\openSmileLib.unsuccessfulbuild".
         Touching "Release\openSmileLib.lastbuildstate".
     1>Done Building Project "E:\opensmile-2.0-rc1\opensmile\ide\vs10\openSmileLib.vcxproj" (build target(s)).

Build succeeded.

Time Elapsed 00:00:00.12
